DataSectionObject 0x81ad2550   4      \Device\HarddiskVolume1\WINDOWS\system32\config\default
SharedCacheMap 0x81ad2550   4      \Device\HarddiskVolume1\WINDOWS\system32\config\default
DataSectionObject 0x81a0faf0   4      \Device\HarddiskVolume1\System Volume Information\_restore{C6A45AAD-F4F6-4BE2-AFC3-2CBE4185A279}\RP4\change.log
SharedCacheMap 0x81a0faf0   4      \Device\HarddiskVolume1\System Volume Information\_restore{C6A45AAD-F4F6-4BE2-AFC3-2CBE4185A279}\RP4\change.log
DataSectionObject 0x81ad5948   4      \Device\HarddiskVolume1\WINDOWS\system32\config\SAM
SharedCacheMap 0x81ad5948   4      \Device\HarddiskVolume1\WINDOWS\system32\config\SAM
DataSectionObject 0x81aab920   4      \Device\HarddiskVolume1\Documents and Settings\NetworkService\NTUSER.DAT
SharedCacheMap 0x81aab920   4      \Device\HarddiskVolume1\Documents and Settings\NetworkService\NTUSER.DAT
DataSectionObject 0x81aaa598   4      \Device\HarddiskVolume1\Documents and Settings\NetworkService\Local Settings\Application Data\Microsoft\Windows\UsrClass.dat
SharedCacheMap 0x81aaa598   4      \Device\HarddiskVolume1\Documents and Settings\NetworkService\Local Settings\Application Data\Microsoft\Windows\UsrClass.dat
DataSectionObject 0x81ad3208   4      \Device\HarddiskVolume1\WINDOWS\system32\config\system
SharedCacheMap 0x81ad3208   4      \Device\HarddiskVolume1\WINDOWS\system32\config\system
DataSectionObject 0x81ad2a88   4      \Device\HarddiskVolume1\WINDOWS\system32\config\software
SharedCacheMap 0x81ad2a88   4      \Device\HarddiskVolume1\WINDOWS\system32\config\software
DataSectionObject 0x81ad3538   4      \Device\HarddiskVolume1\WINDOWS\system32\config\SECURITY
SharedCacheMap 0x81ad3538   4      \Device\HarddiskVolume1\WINDOWS\system32\config\SECURITY
DataSectionObject 0x81aa9290   4      \Device\HarddiskVolume1\Documents and Settings\LocalService\Local Settings\Application Data\Microsoft\Windows\UsrClass.dat
SharedCacheMap 0x81aa9290   4      \Device\HarddiskVolume1\Documents and Settings\LocalService\Local Settings\Application Data\Microsoft\Windows\UsrClass.dat
DataSectionObject 0x81aa0568   4      \Device\HarddiskVolume1\Documents and Settings\CSCG\Local Settings\Application Data\Microsoft\Windows\UsrClass.dat
SharedCacheMap 0x81aa0568   4      \Device\HarddiskVolume1\Documents and Settings\CSCG\Local Settings\Application Data\Microsoft\Windows\UsrClass.dat
DataSectionObject 0x8198cb68   4      \Device\HarddiskVolume1\Documents and Settings\LocalService\NTUSER.DAT
SharedCacheMap 0x8198cb68   4      \Device\HarddiskVolume1\Documents and Settings\LocalService\NTUSER.DAT
DataSectionObject 0x817cb450   4      \Device\HarddiskVolume1\Documents and Settings\CSCG\NTUSER.DAT
SharedCacheMap 0x817cb450   4      \Device\HarddiskVolume1\Documents and Settings\CSCG\NTUSER.DAT
ImageSectionObject 0x81bea318   4      \Device\HarddiskVolume1\WINDOWS\system32\ntdll.dll
DataSectionObject 0x81bea318   4      \Device\HarddiskVolume1\WINDOWS\system32\ntdll.dll
ImageSectionObject 0x81ad8158   340    \Device\HarddiskVolume1\WINDOWS\system32\smss.exe
DataSectionObject 0x81aa0998   496    \Device\HarddiskVolume1\WINDOWS\Fonts\arial.ttf
DataSectionObject 0x81ab6e78   496    \Device\HarddiskVolume1\WINDOWS\Fonts\marlett.ttf
DataSectionObject 0x81ac0b70   496    \Device\HarddiskVolume1\WINDOWS\system32\unicode.nls
DataSectionObject 0x81ab9998   496    \Device\HarddiskVolume1\WINDOWS\system32\sortkey.nls
DataSectionObject 0x81ac09a0   496    \Device\HarddiskVolume1\WINDOWS\system32\locale.nls
DataSectionObject 0x81ac0790   496    \Device\HarddiskVolume1\WINDOWS\system32\sorttbls.nls
DataSectionObject 0x81abcec0   496    \Device\HarddiskVolume1\WINDOWS\Fonts\vgasys.fon
DataSectionObject 0x81ab7478   496    \Device\HarddiskVolume1\WINDOWS\Fonts\trebucbd.ttf
DataSectionObject 0x81ab6028   496    \Device\HarddiskVolume1\WINDOWS\Fonts\tahoma.ttf
DataSectionObject 0x81ab7210   496    \Device\HarddiskVolume1\WINDOWS\Fonts\tahomabd.ttf
DataSectionObject 0x81ab9ba0   496    \Device\HarddiskVolume1\WINDOWS\system32\ctype.nls
DataSectionObject 0x81aa3e28   496    \Device\HarddiskVolume1\WINDOWS\Fonts\micross.ttf
DataSectionObject 0x81aa0738   496    \Device\HarddiskVolume1\WINDOWS\Fonts\arialbi.ttf
DataSectionObject 0x81a9c708   496    \Device\HarddiskVolume1\WINDOWS\Fonts\framdit.ttf
ImageSectionObject 0x81a88c18   496    \Device\HarddiskVolume1\WINDOWS\system32\csrss.exe
DataSectionObject 0x81a88c18   496    \Device\HarddiskVolume1\WINDOWS\system32\csrss.exe
DataSectionObject 0x81a81170   496    \Device\HarddiskVolume1\WINDOWS\Fonts\framd.ttf
DataSectionObject 0x81a90a28   496    \Device\HarddiskVolume1\WINDOWS\Fonts\arialbd.ttf
DataSectionObject 0x81ab7868   496    \Device\HarddiskVolume1\WINDOWS\Fonts\sserife.fon
DataSectionObject 0x81753be8   496    \Device\HarddiskVolume1\WINDOWS\Fonts\lucon.ttf
ImageSectionObject 0x81a8e430   496    \Device\HarddiskVolume1\WINDOWS\system32\csrsrv.dll
DataSectionObject 0x81a8e430   496    \Device\HarddiskVolume1\WINDOWS\system32\csrsrv.dll
ImageSectionObject 0x81aa0ad0   496    \Device\HarddiskVolume1\WINDOWS\system32\basesrv.dll
DataSectionObject 0x81aa0ad0   496    \Device\HarddiskVolume1\WINDOWS\system32\basesrv.dll
ImageSectionObject 0x81a6c028   496    \Device\HarddiskVolume1\WINDOWS\system32\winsrv.dll
DataSectionObject 0x81a6c028   496    \Device\HarddiskVolume1\WINDOWS\system32\winsrv.dll
ImageSectionObject 0x81a6ef90   496    \Device\HarddiskVolume1\WINDOWS\system32\user32.dll
DataSectionObject 0x81a6ef90   496    \Device\HarddiskVolume1\WINDOWS\system32\user32.dll
ImageSectionObject 0x81a25028   496    \Device\HarddiskVolume1\WINDOWS\system32\sxs.dll
DataSectionObject 0x81a25028   496    \Device\HarddiskVolume1\WINDOWS\system32\sxs.dll
ImageSectionObject 0x81a760b8   496    \Device\HarddiskVolume1\WINDOWS\system32\kernel32.dll
DataSectionObject 0x81a760b8   496    \Device\HarddiskVolume1\WINDOWS\system32\kernel32.dll
ImageSectionObject 0x81bd5f90   496    \Device\HarddiskVolume1\WINDOWS\system32\gdi32.dll
DataSectionObject 0x81bd5f90   496    \Device\HarddiskVolume1\WINDOWS\system32\gdi32.dll
ImageSectionObject 0x81af3880   496    \Device\HarddiskVolume1\WINDOWS\system32\advapi32.dll
DataSectionObject 0x81af3880   496    \Device\HarddiskVolume1\WINDOWS\system32\advapi32.dll
ImageSectionObject 0x81a5ff90   496    \Device\HarddiskVolume1\WINDOWS\system32\rpcrt4.dll
DataSectionObject 0x81a5ff90   496    \Device\HarddiskVolume1\WINDOWS\system32\rpcrt4.dll
ImageSectionObject 0x81aa1648   524    \Device\HarddiskVolume1\WINDOWS\system32\profmap.dll
DataSectionObject 0x81aa1648   524    \Device\HarddiskVolume1\WINDOWS\system32\profmap.dll
ImageSectionObject 0x81ac2028   524    \Device\HarddiskVolume1\WINDOWS\system32\winlogon.exe
DataSectionObject 0x81ac2028   524    \Device\HarddiskVolume1\WINDOWS\system32\winlogon.exe
DataSectionObject 0x81aa0028   524    \Device\HarddiskVolume1\WINDOWS\Registration\R000000000007.clb
ImageSectionObject 0x81bd3260   524    \Device\HarddiskVolume1\WINDOWS\system32\xpsp2res.dll
DataSectionObject 0x81bd3260   524    \Device\HarddiskVolume1\WINDOWS\system32\xpsp2res.dll
ImageSectionObject 0x81a4d7f8   524    \Device\HarddiskVolume1\WINDOWS\system32\odbcint.dll
DataSectionObject 0x81a4d7f8   524    \Device\HarddiskVolume1\WINDOWS\system32\odbcint.dll
ImageSectionObject 0x81a31668   524    \Device\HarddiskVolume1\WINDOWS\system32\rsaenh.dll
DataSectionObject 0x81a31668   524    \Device\HarddiskVolume1\WINDOWS\system32\rsaenh.dll
ImageSectionObject 0x81ad6f90   524    \Device\HarddiskVolume1\WINDOWS\system32\netapi32.dll
DataSectionObject 0x81ad6f90   524    \Device\HarddiskVolume1\WINDOWS\system32\netapi32.dll
ImageSectionObject 0x81ab1bb0   524    \Device\HarddiskVolume1\WINDOWS\system32\uxtheme.dll
DataSectionObject 0x81ab1bb0   524    \Device\HarddiskVolume1\WINDOWS\system32\uxtheme.dll
ImageSectionObject 0x81a092c8   524    \Device\HarddiskVolume1\WINDOWS\system32\ws2_32.dll
DataSectionObject 0x81a092c8   524    \Device\HarddiskVolume1\WINDOWS\system32\ws2_32.dll
ImageSectionObject 0x81a0d028   524    \Device\HarddiskVolume1\WINDOWS\system32\ws2help.dll
DataSectionObject 0x81a0d028   524    \Device\HarddiskVolume1\WINDOWS\system32\ws2help.dll
ImageSectionObject 0x81ab9028   524    \Device\HarddiskVolume1\WINDOWS\system32\comctl32.dll
DataSectionObject 0x81ab9028   524    \Device\HarddiskVolume1\WINDOWS\system32\comctl32.dll
ImageSectionObject 0x81a42028   524    \Device\HarddiskVolume1\WINDOWS\system32\odbc32.dll
DataSectionObject 0x81a42028   524    \Device\HarddiskVolume1\WINDOWS\system32\odbc32.dll
ImageSectionObject 0x81a31a90   524    \Device\HarddiskVolume1\WINDOWS\system32\winscard.dll
DataSectionObject 0x81a31a90   524    \Device\HarddiskVolume1\WINDOWS\system32\winscard.dll
ImageSectionObject 0x81ad0b30   524    \Device\HarddiskVolume1\WINDOWS\system32\mpr.dll
DataSectionObject 0x81ad0b30   524    \Device\HarddiskVolume1\WINDOWS\system32\mpr.dll
ImageSectionObject 0x81a66c28   524    \Device\HarddiskVolume1\WINDOWS\system32\samlib.dll
DataSectionObject 0x81a66c28   524    \Device\HarddiskVolume1\WINDOWS\system32\samlib.dll
ImageSectionObject 0x81a2e028   524    \Device\HarddiskVolume1\WINDOWS\system32\winspool.drv
DataSectionObject 0x81a2e028   524    \Device\HarddiskVolume1\WINDOWS\system32\winspool.drv
ImageSectionObject 0x81a84d38   524    \Device\HarddiskVolume1\WINDOWS\system32\wdmaud.drv
DataSectionObject 0x81a84d38   524    \Device\HarddiskVolume1\WINDOWS\system32\wdmaud.drv
ImageSectionObject 0x81a49028   524    \Device\HarddiskVolume1\WINDOWS\system32\msacm32.drv
DataSectionObject 0x81a49028   524    \Device\HarddiskVolume1\WINDOWS\system32\msacm32.drv
ImageSectionObject 0x81a81538   524    \Device\HarddiskVolume1\WINDOWS\system32\authz.dll
DataSectionObject 0x81a81538   524    \Device\HarddiskVolume1\WINDOWS\system32\authz.dll
ImageSectionObject 0x81a4a560   524    \Device\HarddiskVolume1\WINDOWS\system32\nddeapi.dll
DataSectionObject 0x81a4a560   524    \Device\HarddiskVolume1\WINDOWS\system32\nddeapi.dll
ImageSectionObject 0x81a7de28   524    \Device\HarddiskVolume1\WINDOWS\system32\userenv.dll
DataSectionObject 0x81a7de28   524    \Device\HarddiskVolume1\WINDOWS\system32\userenv.dll
ImageSectionObject 0x81a04278   524    \Device\HarddiskVolume1\WINDOWS\system32\winsta.dll
DataSectionObject 0x81a04278   524    \Device\HarddiskVolume1\WINDOWS\system32\winsta.dll
ImageSectionObject 0x81a16278   524    \Device\HarddiskVolume1\WINDOWS\system32\msgina.dll
DataSectionObject 0x81a16278   524    \Device\HarddiskVolume1\WINDOWS\system32\msgina.dll
ImageSectionObject 0x81a484c0   524    \Device\HarddiskVolume1\WINDOWS\system32\wlnotify.dll
DataSectionObject 0x81a484c0   524    \Device\HarddiskVolume1\WINDOWS\system32\wlnotify.dll
ImageSectionObject 0x81ad7278   524    \Device\HarddiskVolume1\WINDOWS\system32\comdlg32.dll
DataSectionObject 0x81ad7278   524    \Device\HarddiskVolume1\WINDOWS\system32\comdlg32.dll
ImageSectionObject 0x81a53028   524    \Device\HarddiskVolume1\WINDOWS\system32\cscdll.dll
DataSectionObject 0x81a53028   524    \Device\HarddiskVolume1\WINDOWS\system32\cscdll.dll
ImageSectionObject 0x81ab51e8   524    \Device\HarddiskVolume1\WINDOWS\system32\psapi.dll
DataSectionObject 0x81ab51e8   524    \Device\HarddiskVolume1\WINDOWS\system32\psapi.dll
ImageSectionObject 0x81ac7028   524    \Device\HarddiskVolume1\WINDOWS\system32\regapi.dll
DataSectionObject 0x81ac7028   524    \Device\HarddiskVolume1\WINDOWS\system32\regapi.dll
ImageSectionObject 0x81acd3d8   524    \Device\HarddiskVolume1\WINDOWS\system32\sfc.dll
DataSectionObject 0x81acd3d8   524    \Device\HarddiskVolume1\WINDOWS\system32\sfc.dll
ImageSectionObject 0x81a91f68   524    \Device\HarddiskVolume1\WINDOWS\system32\winmm.dll
DataSectionObject 0x81a91f68   524    \Device\HarddiskVolume1\WINDOWS\system32\winmm.dll
ImageSectionObject 0x81a38130   524    \Device\HarddiskVolume1\WINDOWS\system32\atl.dll
DataSectionObject 0x81a38130   524    \Device\HarddiskVolume1\WINDOWS\system32\atl.dll
ImageSectionObject 0x81a60028   524    \Device\HarddiskVolume1\WINDOWS\system32\wintrust.dll
DataSectionObject 0x81a60028   524    \Device\HarddiskVolume1\WINDOWS\system32\wintrust.dll
ImageSectionObject 0x81b89550   524    \Device\HarddiskVolume1\WINDOWS\system32\imagehlp.dll
DataSectionObject 0x81b89550   524    \Device\HarddiskVolume1\WINDOWS\system32\imagehlp.dll
ImageSectionObject 0x81acd340   524    \Device\HarddiskVolume1\WINDOWS\system32\sfc_os.dll
DataSectionObject 0x81acd340   524    \Device\HarddiskVolume1\WINDOWS\system32\sfc_os.dll
ImageSectionObject 0x81a8b028   524    \Device\HarddiskVolume1\WINDOWS\WinSxS\x86_Microsoft.Windows.Common-Controls_6595b64144ccf1df_6.0.2600.2180_x-ww_a84f1ff9\comctl32.dll
DataSectionObject 0x81a8b028   524    \Device\HarddiskVolume1\WINDOWS\WinSxS\x86_Microsoft.Windows.Common-Controls_6595b64144ccf1df_6.0.2600.2180_x-ww_a84f1ff9\comctl32.dll
ImageSectionObject 0x81a32d20   524    \Device\HarddiskVolume1\WINDOWS\system32\wtsapi32.dll
DataSectionObject 0x81a32d20   524    \Device\HarddiskVolume1\WINDOWS\system32\wtsapi32.dll
ImageSectionObject 0x81a22b38   524    \Device\HarddiskVolume1\WINDOWS\system32\iphlpapi.dll
DataSectionObject 0x81a22b38   524    \Device\HarddiskVolume1\WINDOWS\system32\iphlpapi.dll
ImageSectionObject 0x81a06028   524    \Device\HarddiskVolume1\WINDOWS\system32\mprapi.dll
DataSectionObject 0x81a06028   524    \Device\HarddiskVolume1\WINDOWS\system32\mprapi.dll
ImageSectionObject 0x81a4c028   524    \Device\HarddiskVolume1\WINDOWS\system32\adsldpc.dll
DataSectionObject 0x81a4c028   524    \Device\HarddiskVolume1\WINDOWS\system32\adsldpc.dll
ImageSectionObject 0x81a09130   524    \Device\HarddiskVolume1\WINDOWS\system32\rtutils.dll
DataSectionObject 0x81a09130   524    \Device\HarddiskVolume1\WINDOWS\system32\rtutils.dll
ImageSectionObject 0x81a73ba8   524    \Device\HarddiskVolume1\WINDOWS\system32\wldap32.dll
DataSectionObject 0x81a73ba8   524    \Device\HarddiskVolume1\WINDOWS\system32\wldap32.dll
ImageSectionObject 0x81a5fe28   524    \Device\HarddiskVolume1\WINDOWS\system32\oleaut32.dll
DataSectionObject 0x81a5fe28   524    \Device\HarddiskVolume1\WINDOWS\system32\oleaut32.dll
ImageSectionObject 0x81a49318   524    \Device\HarddiskVolume1\WINDOWS\system32\comres.dll
DataSectionObject 0x81a49318   524    \Device\HarddiskVolume1\WINDOWS\system32\comres.dll
ImageSectionObject 0x81a47ca8   524    \Device\HarddiskVolume1\WINDOWS\system32\clbcatq.dll
DataSectionObject 0x81a47ca8   524    \Device\HarddiskVolume1\WINDOWS\system32\clbcatq.dll
ImageSectionObject 0x81a5f2b0   524    \Device\HarddiskVolume1\WINDOWS\system32\ole32.dll
DataSectionObject 0x81a5f2b0   524    \Device\HarddiskVolume1\WINDOWS\system32\ole32.dll
ImageSectionObject 0x81a33f90   524    \Device\HarddiskVolume1\WINDOWS\system32\ntmarta.dll
DataSectionObject 0x81a33f90   524    \Device\HarddiskVolume1\WINDOWS\system32\ntmarta.dll
ImageSectionObject 0x81a56028   524    \Device\HarddiskVolume1\WINDOWS\system32\msvcrt.dll
DataSectionObject 0x81a56028   524    \Device\HarddiskVolume1\WINDOWS\system32\msvcrt.dll
ImageSectionObject 0x81ac0028   524    \Device\HarddiskVolume1\WINDOWS\system32\crypt32.dll
DataSectionObject 0x81ac0028   524    \Device\HarddiskVolume1\WINDOWS\system32\crypt32.dll
ImageSectionObject 0x81a07228   524    \Device\HarddiskVolume1\WINDOWS\system32\setupapi.dll
DataSectionObject 0x81a07228   524    \Device\HarddiskVolume1\WINDOWS\system32\setupapi.dll
ImageSectionObject 0x81a90d00   524    \Device\HarddiskVolume1\WINDOWS\system32\shsvcs.dll
DataSectionObject 0x81a90d00   524    \Device\HarddiskVolume1\WINDOWS\system32\shsvcs.dll
ImageSectionObject 0x81a45eb8   524    \Device\HarddiskVolume1\WINDOWS\system32\cscui.dll
DataSectionObject 0x81a45eb8   524    \Device\HarddiskVolume1\WINDOWS\system32\cscui.dll
ImageSectionObject 0x81a615b0   524    \Device\HarddiskVolume1\WINDOWS\system32\msasn1.dll
DataSectionObject 0x81a615b0   524    \Device\HarddiskVolume1\WINDOWS\system32\msasn1.dll
ImageSectionObject 0x81a71d18   524    \Device\HarddiskVolume1\WINDOWS\system32\version.dll
DataSectionObject 0x81a71d18   524    \Device\HarddiskVolume1\WINDOWS\system32\version.dll
ImageSectionObject 0x81ace5c8   524    \Device\HarddiskVolume1\WINDOWS\system32\apphelp.dll
DataSectionObject 0x81ace5c8   524    \Device\HarddiskVolume1\WINDOWS\system32\apphelp.dll
ImageSectionObject 0x81a91ed0   524    \Device\HarddiskVolume1\WINDOWS\system32\msacm32.dll
DataSectionObject 0x81a91ed0   524    \Device\HarddiskVolume1\WINDOWS\system32\msacm32.dll
ImageSectionObject 0x81aa94d8   524    \Device\HarddiskVolume1\WINDOWS\system32\midimap.dll
DataSectionObject 0x81aa94d8   524    \Device\HarddiskVolume1\WINDOWS\system32\midimap.dll
ImageSectionObject 0x81a550b8   524    \Device\HarddiskVolume1\WINDOWS\system32\msv1_0.dll
DataSectionObject 0x81a550b8   524    \Device\HarddiskVolume1\WINDOWS\system32\msv1_0.dll
ImageSectionObject 0x81acc028   524    \Device\HarddiskVolume1\WINDOWS\system32\activeds.dll
DataSectionObject 0x81acc028   524    \Device\HarddiskVolume1\WINDOWS\system32\activeds.dll
ImageSectionObject 0x81a503a0   524    \Device\HarddiskVolume1\WINDOWS\system32\secur32.dll
DataSectionObject 0x81a503a0   524    \Device\HarddiskVolume1\WINDOWS\system32\secur32.dll
ImageSectionObject 0x81ace708   524    \Device\HarddiskVolume1\WINDOWS\system32\shlwapi.dll
DataSectionObject 0x81ace708   524    \Device\HarddiskVolume1\WINDOWS\system32\shlwapi.dll
ImageSectionObject 0x81a66e08   524    \Device\HarddiskVolume1\WINDOWS\system32\shell32.dll
DataSectionObject 0x81a66e08   524    \Device\HarddiskVolume1\WINDOWS\system32\shell32.dll
DataSectionObject 0x81aab6e8   632    \Device\HarddiskVolume1\WINDOWS\system32\config\AppEvent.Evt
SharedCacheMap 0x81aab6e8   632    \Device\HarddiskVolume1\WINDOWS\system32\config\AppEvent.Evt
DataSectionObject 0x81aab4c0   632    \Device\HarddiskVolume1\WINDOWS\system32\config\SecEvent.Evt
SharedCacheMap 0x81aab4c0   632    \Device\HarddiskVolume1\WINDOWS\system32\config\SecEvent.Evt
DataSectionObject 0x81955228   632    \Device\HarddiskVolume1\WINDOWS\system32\config\SysEvent.Evt
SharedCacheMap 0x81955228   632    \Device\HarddiskVolume1\WINDOWS\system32\config\SysEvent.Evt
ImageSectionObject 0x81a8df28   632    \Device\HarddiskVolume1\WINDOWS\system32\services.exe
DataSectionObject 0x81a8df28   632    \Device\HarddiskVolume1\WINDOWS\system32\services.exe
ImageSectionObject 0x81bd4ad8   632    \Device\HarddiskVolume1\WINDOWS\system32\scesrv.dll
DataSectionObject 0x81bd4ad8   632    \Device\HarddiskVolume1\WINDOWS\system32\scesrv.dll
ImageSectionObject 0x81bd4a40   632    \Device\HarddiskVolume1\WINDOWS\system32\umpnpmgr.dll
DataSectionObject 0x81bd4a40   632    \Device\HarddiskVolume1\WINDOWS\system32\umpnpmgr.dll
ImageSectionObject 0x81abc798   632    \Device\HarddiskVolume1\WINDOWS\system32\ncobjapi.dll
DataSectionObject 0x81abc798   632    \Device\HarddiskVolume1\WINDOWS\system32\ncobjapi.dll
ImageSectionObject 0x81a9cb08   632    \Device\HarddiskVolume1\WINDOWS\system32\shimeng.dll
DataSectionObject 0x81a9cb08   632    \Device\HarddiskVolume1\WINDOWS\system32\shimeng.dll
ImageSectionObject 0x81a9ca70   632    \Device\HarddiskVolume1\WINDOWS\AppPatch\AcGenral.dll
DataSectionObject 0x81a9ca70   632    \Device\HarddiskVolume1\WINDOWS\AppPatch\AcGenral.dll
ImageSectionObject 0x81abc700   632    \Device\HarddiskVolume1\WINDOWS\system32\msvcp60.dll
DataSectionObject 0x81abc700   632    \Device\HarddiskVolume1\WINDOWS\system32\msvcp60.dll
ImageSectionObject 0x81a1b130   632    \Device\HarddiskVolume1\WINDOWS\system32\eventlog.dll
DataSectionObject 0x81a1b130   632    \Device\HarddiskVolume1\WINDOWS\system32\eventlog.dll
ImageSectionObject 0x81a8de90   644    \Device\HarddiskVolume1\WINDOWS\system32\lsass.exe
DataSectionObject 0x81a8de90   644    \Device\HarddiskVolume1\WINDOWS\system32\lsass.exe
ImageSectionObject 0x81ad0c78   644    \Device\HarddiskVolume1\WINDOWS\system32\lsasrv.dll
DataSectionObject 0x81ad0c78   644    \Device\HarddiskVolume1\WINDOWS\system32\lsasrv.dll
ImageSectionObject 0x81a83328   644    \Device\HarddiskVolume1\WINDOWS\system32\samsrv.dll
DataSectionObject 0x81a83328   644    \Device\HarddiskVolume1\WINDOWS\system32\samsrv.dll
ImageSectionObject 0x81ac1eb8   644    \Device\HarddiskVolume1\WINDOWS\system32\msprivs.dll
DataSectionObject 0x81ac1eb8   644    \Device\HarddiskVolume1\WINDOWS\system32\msprivs.dll
ImageSectionObject 0x81a0e028   644    \Device\HarddiskVolume1\WINDOWS\system32\hnetcfg.dll
DataSectionObject 0x81a0e028   644    \Device\HarddiskVolume1\WINDOWS\system32\hnetcfg.dll
ImageSectionObject 0x81ac5958   644    \Device\HarddiskVolume1\WINDOWS\system32\dssenh.dll
DataSectionObject 0x81ac5958   644    \Device\HarddiskVolume1\WINDOWS\system32\dssenh.dll
ImageSectionObject 0x81a0a028   644    \Device\HarddiskVolume1\WINDOWS\system32\mswsock.dll
DataSectionObject 0x81a0a028   644    \Device\HarddiskVolume1\WINDOWS\system32\mswsock.dll
ImageSectionObject 0x81a13028   644    \Device\HarddiskVolume1\WINDOWS\system32\wshtcpip.dll
DataSectionObject 0x81a13028   644    \Device\HarddiskVolume1\WINDOWS\system32\wshtcpip.dll
ImageSectionObject 0x81a4fef8   644    \Device\HarddiskVolume1\WINDOWS\system32\kerberos.dll
DataSectionObject 0x81a4fef8   644    \Device\HarddiskVolume1\WINDOWS\system32\kerberos.dll
ImageSectionObject 0x81a38d20   644    \Device\HarddiskVolume1\WINDOWS\system32\wdigest.dll
DataSectionObject 0x81a38d20   644    \Device\HarddiskVolume1\WINDOWS\system32\wdigest.dll
ImageSectionObject 0x81ac4838   644    \Device\HarddiskVolume1\WINDOWS\system32\winipsec.dll
DataSectionObject 0x81ac4838   644    \Device\HarddiskVolume1\WINDOWS\system32\winipsec.dll
ImageSectionObject 0x81a33a90   644    \Device\HarddiskVolume1\WINDOWS\system32\scecli.dll
DataSectionObject 0x81a33a90   644    \Device\HarddiskVolume1\WINDOWS\system32\scecli.dll
ImageSectionObject 0x81a82518   644    \Device\HarddiskVolume1\WINDOWS\system32\ipsecsvc.dll
DataSectionObject 0x81a82518   644    \Device\HarddiskVolume1\WINDOWS\system32\ipsecsvc.dll
ImageSectionObject 0x81aa8630   644    \Device\HarddiskVolume1\WINDOWS\system32\pstorsvc.dll
DataSectionObject 0x81aa8630   644    \Device\HarddiskVolume1\WINDOWS\system32\pstorsvc.dll
ImageSectionObject 0x81aa8598   644    \Device\HarddiskVolume1\WINDOWS\system32\psbase.dll
DataSectionObject 0x81aa8598   644    \Device\HarddiskVolume1\WINDOWS\system32\psbase.dll
ImageSectionObject 0x81a31240   644    \Device\HarddiskVolume1\WINDOWS\system32\netlogon.dll
DataSectionObject 0x81a31240   644    \Device\HarddiskVolume1\WINDOWS\system32\netlogon.dll
ImageSectionObject 0x81a7f990   644    \Device\HarddiskVolume1\WINDOWS\system32\cryptdll.dll
DataSectionObject 0x81a7f990   644    \Device\HarddiskVolume1\WINDOWS\system32\cryptdll.dll
ImageSectionObject 0x81ac49a8   644    \Device\HarddiskVolume1\WINDOWS\system32\oakley.dll
DataSectionObject 0x81ac49a8   644    \Device\HarddiskVolume1\WINDOWS\system32\oakley.dll
ImageSectionObject 0x81aad248   644    \Device\HarddiskVolume1\WINDOWS\system32\dnsapi.dll
DataSectionObject 0x81aad248   644    \Device\HarddiskVolume1\WINDOWS\system32\dnsapi.dll
ImageSectionObject 0x81ac8eb8   644    \Device\HarddiskVolume1\WINDOWS\system32\ntdsapi.dll
DataSectionObject 0x81ac8eb8   644    \Device\HarddiskVolume1\WINDOWS\system32\ntdsapi.dll
ImageSectionObject 0x81a388f8   644    \Device\HarddiskVolume1\WINDOWS\system32\w32time.dll
DataSectionObject 0x81a388f8   644    \Device\HarddiskVolume1\WINDOWS\system32\w32time.dll
ImageSectionObject 0x81a50eb8   644    \Device\HarddiskVolume1\WINDOWS\system32\schannel.dll
DataSectionObject 0x81a50eb8   644    \Device\HarddiskVolume1\WINDOWS\system32\schannel.dll
ImageSectionObject 0x80562620   644    None
DataSectionObject 0x80562620   644    None
ImageSectionObject 0x81a36eb8   792    \Device\HarddiskVolume1\WINDOWS\system32\VBoxService.exe
DataSectionObject 0x81a36eb8   792    \Device\HarddiskVolume1\WINDOWS\system32\VBoxService.exe
ImageSectionObject 0x81a3f2f0   840    \Device\HarddiskVolume1\WINDOWS\system32\svchost.exe
DataSectionObject 0x81a3f2f0   840    \Device\HarddiskVolume1\WINDOWS\system32\svchost.exe
ImageSectionObject 0x81a15508   840    \Device\HarddiskVolume1\WINDOWS\system32\termsrv.dll
DataSectionObject 0x81a15508   840    \Device\HarddiskVolume1\WINDOWS\system32\termsrv.dll
ImageSectionObject 0x81a15398   840    \Device\HarddiskVolume1\WINDOWS\system32\icaapi.dll
DataSectionObject 0x81a15398   840    \Device\HarddiskVolume1\WINDOWS\system32\icaapi.dll
ImageSectionObject 0x81a15300   840    \Device\HarddiskVolume1\WINDOWS\system32\mstlsapi.dll
DataSectionObject 0x81a15300   840    \Device\HarddiskVolume1\WINDOWS\system32\mstlsapi.dll
ImageSectionObject 0x81a01028   840    \Device\HarddiskVolume1\WINDOWS\system32\rpcss.dll
DataSectionObject 0x81a01028   840    \Device\HarddiskVolume1\WINDOWS\system32\rpcss.dll
ImageSectionObject 0x80562890   840    None
DataSectionObject 0x80562890   840    None
ImageSectionObject 0x81bd4518   928    \Device\HarddiskVolume1\WINDOWS\system32\rasadhlp.dll
DataSectionObject 0x81bd4518   928    \Device\HarddiskVolume1\WINDOWS\system32\rasadhlp.dll
ImageSectionObject 0x81ac1130   928    \Device\HarddiskVolume1\WINDOWS\system32\winrnr.dll
DataSectionObject 0x81ac1130   928    \Device\HarddiskVolume1\WINDOWS\system32\winrnr.dll
DataSectionObject 0x817bc1d8   1024   \Device\HarddiskVolume1\WINDOWS\SchedLgU.Txt
SharedCacheMap 0x817bc1d8   1024   \Device\HarddiskVolume1\WINDOWS\SchedLgU.Txt
DataSectionObject 0x817c9548   1024   \Device\HarddiskVolume1\WINDOWS\SoftwareDistribution\EventCache\{354078ED-41C3-46A6-840B-26051C267BF6}.bin
SharedCacheMap 0x817c9548   1024   \Device\HarddiskVolume1\WINDOWS\SoftwareDistribution\EventCache\{354078ED-41C3-46A6-840B-26051C267BF6}.bin
DataSectionObject 0x81732b30   1024   \Device\HarddiskVolume1\WINDOWS\WindowsUpdate.log
SharedCacheMap 0x81732b30   1024   \Device\HarddiskVolume1\WINDOWS\WindowsUpdate.log
DataSectionObject 0x81a8aaa8   1024   \Device\HarddiskVolume1\WINDOWS\SoftwareDistribution\ReportingEvents.log
SharedCacheMap 0x81a8aaa8   1024   \Device\HarddiskVolume1\WINDOWS\SoftwareDistribution\ReportingEvents.log
DataSectionObject 0x81a86ca0   1024   \Device\HarddiskVolume1\WINDOWS\SoftwareDistribution\EventCache\{19633229-9386-4CA6-B149-0E7CB7D139EF}.bin
SharedCacheMap 0x81a86ca0   1024   \Device\HarddiskVolume1\WINDOWS\SoftwareDistribution\EventCache\{19633229-9386-4CA6-B149-0E7CB7D139EF}.bin
DataSectionObject 0x81a865b8   1024   \Device\HarddiskVolume1\WINDOWS\system32\wbem\Repository\FS\MAPPING1.MAP
SharedCacheMap 0x81a865b8   1024   \Device\HarddiskVolume1\WINDOWS\system32\wbem\Repository\FS\MAPPING1.MAP
DataSectionObject 0x81768598   1024   \Device\HarddiskVolume1\WINDOWS\system32\wbem\Repository\FS\MAPPING2.MAP
SharedCacheMap 0x81768598   1024   \Device\HarddiskVolume1\WINDOWS\system32\wbem\Repository\FS\MAPPING2.MAP
DataSectionObject 0x81768b48   1024   \Device\HarddiskVolume1\WINDOWS\system32\wbem\Repository\FS\MAPPING.VER
SharedCacheMap 0x81768b48   1024   \Device\HarddiskVolume1\WINDOWS\system32\wbem\Repository\FS\MAPPING.VER
DataSectionObject 0x81767f90   1024   \Device\HarddiskVolume1\WINDOWS\system32\wbem\Repository\FS\INDEX.MAP
SharedCacheMap 0x81767f90   1024   \Device\HarddiskVolume1\WINDOWS\system32\wbem\Repository\FS\INDEX.MAP
DataSectionObject 0x81767ef8   1024   \Device\HarddiskVolume1\WINDOWS\system32\wbem\Repository\FS\OBJECTS.MAP
SharedCacheMap 0x81767ef8   1024   \Device\HarddiskVolume1\WINDOWS\system32\wbem\Repository\FS\OBJECTS.MAP
DataSectionObject 0x81a863c0   1024   \Device\HarddiskVolume1\WINDOWS\system32\wbem\Repository\FS\OBJECTS.DATA
SharedCacheMap 0x81a863c0   1024   \Device\HarddiskVolume1\WINDOWS\system32\wbem\Repository\FS\OBJECTS.DATA
DataSectionObject 0x81767d28   1024   \Device\HarddiskVolume1\WINDOWS\system32\wbem\Repository\FS\INDEX.BTR
SharedCacheMap 0x81767d28   1024   \Device\HarddiskVolume1\WINDOWS\system32\wbem\Repository\FS\INDEX.BTR
DataSectionObject 0x81a68320   1024   \Device\HarddiskVolume1\$Extend\$ObjId
SharedCacheMap 0x81a68320   1024   \Device\HarddiskVolume1\$Extend\$ObjId
DataSectionObject 0x81757028   1024   \Device\HarddiskVolume1\Documents and Settings\NetworkService\Local Settings\Temporary Internet Files\Content.IE5\index.dat
DataSectionObject 0x8170f998   1024   \Device\HarddiskVolume1\Documents and Settings\NetworkService\Cookies\index.dat
DataSectionObject 0x816e7630   1024   \Device\HarddiskVolume1\Documents and Settings\NetworkService\Local Settings\History\History.IE5\index.dat
DataSectionObject 0x817a0420   1024   \Device\HarddiskVolume1\System Volume Information\tracking.log
SharedCacheMap 0x817a0420   1024   \Device\HarddiskVolume1\System Volume Information\tracking.log
DataSectionObject 0x81a88f90   1024   \Device\HarddiskVolume1\WINDOWS\system32\msxml3r.dll
ImageSectionObject 0x81a54530   1024   \Device\HarddiskVolume1\WINDOWS\system32\powrprof.dll
DataSectionObject 0x81a54530   1024   \Device\HarddiskVolume1\WINDOWS\system32\powrprof.dll
ImageSectionObject 0x81a5b108   1024   \Device\HarddiskVolume1\WINDOWS\system32\wbem\wmisvc.dll
DataSectionObject 0x81a5b108   1024   \Device\HarddiskVolume1\WINDOWS\system32\wbem\wmisvc.dll
ImageSectionObject 0x81ac57e8   1024   \Device\HarddiskVolume1\WINDOWS\system32\wuauserv.dll
DataSectionObject 0x81ac57e8   1024   \Device\HarddiskVolume1\WINDOWS\system32\wuauserv.dll
ImageSectionObject 0x81acb8a8   1024   \Device\HarddiskVolume1\WINDOWS\system32\winhttp.dll
DataSectionObject 0x81acb8a8   1024   \Device\HarddiskVolume1\WINDOWS\system32\winhttp.dll
ImageSectionObject 0x81ac8810   1024   \Device\HarddiskVolume1\WINDOWS\system32\wscsvc.dll
DataSectionObject 0x81ac8810   1024   \Device\HarddiskVolume1\WINDOWS\system32\wscsvc.dll
ImageSectionObject 0x81ac6500   1024   \Device\HarddiskVolume1\WINDOWS\system32\wuaueng.dll
DataSectionObject 0x81ac6500   1024   \Device\HarddiskVolume1\WINDOWS\system32\wuaueng.dll
ImageSectionObject 0x81733f10   1024   \Device\HarddiskVolume1\WINDOWS\system32\wups.dll
DataSectionObject 0x81733f10   1024   \Device\HarddiskVolume1\WINDOWS\system32\wups.dll
ImageSectionObject 0x81ac2828   1024   \Device\HarddiskVolume1\WINDOWS\system32\wbem\wmiprvsd.dll
DataSectionObject 0x81ac2828   1024   \Device\HarddiskVolume1\WINDOWS\system32\wbem\wmiprvsd.dll
ImageSectionObject 0x81a37130   1024   \Device\HarddiskVolume1\WINDOWS\system32\esent.dll
DataSectionObject 0x81a37130   1024   \Device\HarddiskVolume1\WINDOWS\system32\esent.dll
ImageSectionObject 0x81a4e860   1024   \Device\HarddiskVolume1\WINDOWS\system32\mspatcha.dll
DataSectionObject 0x81a4e860   1024   \Device\HarddiskVolume1\WINDOWS\system32\mspatcha.dll
ImageSectionObject 0x81a03398   1024   \Device\HarddiskVolume1\WINDOWS\system32\wbem\ncprov.dll
DataSectionObject 0x81a03398   1024   \Device\HarddiskVolume1\WINDOWS\system32\wbem\ncprov.dll
ImageSectionObject 0x81a03300   1024   \Device\HarddiskVolume1\WINDOWS\system32\ipnathlp.dll
DataSectionObject 0x81a03300   1024   \Device\HarddiskVolume1\WINDOWS\system32\ipnathlp.dll
ImageSectionObject 0x81a487b8   1024   \Device\HarddiskVolume1\WINDOWS\system32\audiosrv.dll
DataSectionObject 0x81a487b8   1024   \Device\HarddiskVolume1\WINDOWS\system32\audiosrv.dll
ImageSectionObject 0x81a27158   1024   \Device\HarddiskVolume1\WINDOWS\system32\wsock32.dll
DataSectionObject 0x81a27158   1024   \Device\HarddiskVolume1\WINDOWS\system32\wsock32.dll
ImageSectionObject 0x81a70e20   1024   \Device\HarddiskVolume1\WINDOWS\system32\sens.dll
DataSectionObject 0x81a70e20   1024   \Device\HarddiskVolume1\WINDOWS\system32\sens.dll
ImageSectionObject 0x81a825b0   1024   \Device\HarddiskVolume1\WINDOWS\system32\wzcsapi.dll
DataSectionObject 0x81a825b0   1024   \Device\HarddiskVolume1\WINDOWS\system32\wzcsapi.dll
ImageSectionObject 0x81a70f90   1024   \Device\HarddiskVolume1\WINDOWS\system32\seclogon.dll
DataSectionObject 0x81a70f90   1024   \Device\HarddiskVolume1\WINDOWS\system32\seclogon.dll
ImageSectionObject 0x81ac0eb8   1024   \Device\HarddiskVolume1\WINDOWS\system32\msxml3.dll
DataSectionObject 0x81ac0eb8   1024   \Device\HarddiskVolume1\WINDOWS\system32\msxml3.dll
ImageSectionObject 0x81a82e50   1024   \Device\HarddiskVolume1\WINDOWS\system32\cryptui.dll
DataSectionObject 0x81a82e50   1024   \Device\HarddiskVolume1\WINDOWS\system32\cryptui.dll
ImageSectionObject 0x81a4ced8   1024   \Device\HarddiskVolume1\WINDOWS\system32\msidle.dll
DataSectionObject 0x81a4ced8   1024   \Device\HarddiskVolume1\WINDOWS\system32\msidle.dll
ImageSectionObject 0x81a8b918   1024   \Device\HarddiskVolume1\WINDOWS\pchealth\helpctr\binaries\pchsvc.dll
DataSectionObject 0x81a8b918   1024   \Device\HarddiskVolume1\WINDOWS\pchealth\helpctr\binaries\pchsvc.dll
ImageSectionObject 0x81a33360   1024   \Device\HarddiskVolume1\WINDOWS\system32\ssdpapi.dll
DataSectionObject 0x81a33360   1024   \Device\HarddiskVolume1\WINDOWS\system32\ssdpapi.dll
ImageSectionObject 0x81ac7868   1024   \Device\HarddiskVolume1\WINDOWS\system32\wbem\wbemsvc.dll
DataSectionObject 0x81ac7868   1024   \Device\HarddiskVolume1\WINDOWS\system32\wbem\wbemsvc.dll
ImageSectionObject 0x81a8b7a8   1024   \Device\HarddiskVolume1\WINDOWS\system32\srvsvc.dll
DataSectionObject 0x81a8b7a8   1024   \Device\HarddiskVolume1\WINDOWS\system32\srvsvc.dll
ImageSectionObject 0x81a99e00   1024   \Device\HarddiskVolume1\WINDOWS\system32\ersvc.dll
DataSectionObject 0x81a99e00   1024   \Device\HarddiskVolume1\WINDOWS\system32\ersvc.dll
ImageSectionObject 0x81a11138   1024   \Device\HarddiskVolume1\WINDOWS\system32\trkwks.dll
DataSectionObject 0x81a11138   1024   \Device\HarddiskVolume1\WINDOWS\system32\trkwks.dll
ImageSectionObject 0x81aca9d8   1024   \Device\HarddiskVolume1\WINDOWS\system32\wbem\wmiutils.dll
DataSectionObject 0x81aca9d8   1024   \Device\HarddiskVolume1\WINDOWS\system32\wbem\wmiutils.dll
ImageSectionObject 0x81a111d0   1024   \Device\HarddiskVolume1\WINDOWS\system32\srsvc.dll
DataSectionObject 0x81a111d0   1024   \Device\HarddiskVolume1\WINDOWS\system32\srsvc.dll
ImageSectionObject 0x81a4e9d0   1024   \Device\HarddiskVolume1\WINDOWS\system32\cabinet.dll
DataSectionObject 0x81a4e9d0   1024   \Device\HarddiskVolume1\WINDOWS\system32\cabinet.dll
ImageSectionObject 0x81ac4530   1024   \Device\HarddiskVolume1\WINDOWS\system32\mtxclu.dll
DataSectionObject 0x81ac4530   1024   \Device\HarddiskVolume1\WINDOWS\system32\mtxclu.dll
ImageSectionObject 0x81a421e8   1024   \Device\HarddiskVolume1\WINDOWS\system32\resutils.dll
DataSectionObject 0x81a421e8   1024   \Device\HarddiskVolume1\WINDOWS\system32\resutils.dll
ImageSectionObject 0x81a052e8   1024   \Device\HarddiskVolume1\WINDOWS\system32\mtxoci.dll
DataSectionObject 0x81a052e8   1024   \Device\HarddiskVolume1\WINDOWS\system32\mtxoci.dll
ImageSectionObject 0x81ac43c0   1024   \Device\HarddiskVolume1\WINDOWS\system32\colbact.dll
DataSectionObject 0x81ac43c0   1024   \Device\HarddiskVolume1\WINDOWS\system32\colbact.dll
ImageSectionObject 0x81a4c368   1024   \Device\HarddiskVolume1\WINDOWS\system32\vssapi.dll
DataSectionObject 0x81a4c368   1024   \Device\HarddiskVolume1\WINDOWS\system32\vssapi.dll
ImageSectionObject 0x81ac74e8   1024   \Device\HarddiskVolume1\WINDOWS\system32\advpack.dll
DataSectionObject 0x81ac74e8   1024   \Device\HarddiskVolume1\WINDOWS\system32\advpack.dll
ImageSectionObject 0x81aca7f0   1024   \Device\HarddiskVolume1\WINDOWS\system32\wbem\repdrvfs.dll
DataSectionObject 0x81aca7f0   1024   \Device\HarddiskVolume1\WINDOWS\system32\wbem\repdrvfs.dll
ImageSectionObject 0x81aca5b0   1024   \Device\HarddiskVolume1\WINDOWS\system32\wbem\wbemcomn.dll
DataSectionObject 0x81aca5b0   1024   \Device\HarddiskVolume1\WINDOWS\system32\wbem\wbemcomn.dll
ImageSectionObject 0x81a46028   1024   \Device\HarddiskVolume1\WINDOWS\system32\wbem\esscli.dll
DataSectionObject 0x81a46028   1024   \Device\HarddiskVolume1\WINDOWS\system32\wbem\esscli.dll
ImageSectionObject 0x81a85160   1024   \Device\HarddiskVolume1\WINDOWS\system32\wbem\wbemess.dll
DataSectionObject 0x81a85160   1024   \Device\HarddiskVolume1\WINDOWS\system32\wbem\wbemess.dll
ImageSectionObject 0x81a46150   1024   \Device\HarddiskVolume1\WINDOWS\system32\wbem\fastprox.dll
DataSectionObject 0x81a46150   1024   \Device\HarddiskVolume1\WINDOWS\system32\wbem\fastprox.dll
ImageSectionObject 0x81aca440   1024   \Device\HarddiskVolume1\WINDOWS\system32\wbem\wbemcore.dll
DataSectionObject 0x81aca440   1024   \Device\HarddiskVolume1\WINDOWS\system32\wbem\wbemcore.dll
ImageSectionObject 0x81a22160   1024   \Device\HarddiskVolume1\WINDOWS\system32\netshell.dll
DataSectionObject 0x81a22160   1024   \Device\HarddiskVolume1\WINDOWS\system32\netshell.dll
ImageSectionObject 0x81ac7378   1024   \Device\HarddiskVolume1\WINDOWS\system32\shfolder.dll
DataSectionObject 0x81ac7378   1024   \Device\HarddiskVolume1\WINDOWS\system32\shfolder.dll
ImageSectionObject 0x81ac5d38   1024   \Device\HarddiskVolume1\WINDOWS\system32\comsvcs.dll
DataSectionObject 0x81ac5d38   1024   \Device\HarddiskVolume1\WINDOWS\system32\comsvcs.dll
ImageSectionObject 0x81a7fd10   1024   \Device\HarddiskVolume1\WINDOWS\system32\rasdlg.dll
DataSectionObject 0x81a7fd10   1024   \Device\HarddiskVolume1\WINDOWS\system32\rasdlg.dll
ImageSectionObject 0x81a41130   1024   \Device\HarddiskVolume1\WINDOWS\system32\dhcpcsvc.dll
DataSectionObject 0x81a41130   1024   \Device\HarddiskVolume1\WINDOWS\system32\dhcpcsvc.dll
ImageSectionObject 0x81a16130   1024   \Device\HarddiskVolume1\WINDOWS\system32\wmi.dll
DataSectionObject 0x81a16130   1024   \Device\HarddiskVolume1\WINDOWS\system32\wmi.dll
ImageSectionObject 0x81aac320   1024   \Device\HarddiskVolume1\WINDOWS\system32\raschap.dll
DataSectionObject 0x81aac320   1024   \Device\HarddiskVolume1\WINDOWS\system32\raschap.dll
ImageSectionObject 0x81a4f028   1024   \Device\HarddiskVolume1\WINDOWS\system32\rastls.dll
DataSectionObject 0x81a4f028   1024   \Device\HarddiskVolume1\WINDOWS\system32\rastls.dll
ImageSectionObject 0x81a32160   1024   \Device\HarddiskVolume1\WINDOWS\system32\credui.dll
DataSectionObject 0x81a32160   1024   \Device\HarddiskVolume1\WINDOWS\system32\credui.dll
ImageSectionObject 0x81a1cdb0   1024   \Device\HarddiskVolume1\WINDOWS\system32\cryptsvc.dll
DataSectionObject 0x81a1cdb0   1024   \Device\HarddiskVolume1\WINDOWS\system32\cryptsvc.dll
ImageSectionObject 0x81ac4328   1024   \Device\HarddiskVolume1\WINDOWS\system32\clusapi.dll
DataSectionObject 0x81ac4328   1024   \Device\HarddiskVolume1\WINDOWS\system32\clusapi.dll
ImageSectionObject 0x81ac8980   1024   \Device\HarddiskVolume1\WINDOWS\system32\browser.dll
DataSectionObject 0x81ac8980   1024   \Device\HarddiskVolume1\WINDOWS\system32\browser.dll
ImageSectionObject 0x81a171c8   1024   \Device\HarddiskVolume1\WINDOWS\system32\upnp.dll
DataSectionObject 0x81a171c8   1024   \Device\HarddiskVolume1\WINDOWS\system32\upnp.dll
ImageSectionObject 0x81a328d0   1024   \Device\HarddiskVolume1\WINDOWS\system32\wkssvc.dll
DataSectionObject 0x81a328d0   1024   \Device\HarddiskVolume1\WINDOWS\system32\wkssvc.dll
ImageSectionObject 0x81a2d028   1024   \Device\HarddiskVolume1\WINDOWS\system32\rasapi32.dll
DataSectionObject 0x81a2d028   1024   \Device\HarddiskVolume1\WINDOWS\system32\rasapi32.dll
ImageSectionObject 0x81a02028   1024   \Device\HarddiskVolume1\WINDOWS\system32\rasman.dll
DataSectionObject 0x81a02028   1024   \Device\HarddiskVolume1\WINDOWS\system32\rasman.dll
ImageSectionObject 0x81a14028   1024   \Device\HarddiskVolume1\WINDOWS\system32\tapi32.dll
DataSectionObject 0x81a14028   1024   \Device\HarddiskVolume1\WINDOWS\system32\tapi32.dll
ImageSectionObject 0x81a71e10   1024   \Device\HarddiskVolume1\WINDOWS\system32\wininet.dll
DataSectionObject 0x81a71e10   1024   \Device\HarddiskVolume1\WINDOWS\system32\wininet.dll
ImageSectionObject 0x81a0bb60   1024   \Device\HarddiskVolume1\WINDOWS\system32\schedsvc.dll
DataSectionObject 0x81a0bb60   1024   \Device\HarddiskVolume1\WINDOWS\system32\schedsvc.dll
ImageSectionObject 0x81a6d718   1024   \Device\HarddiskVolume1\WINDOWS\system32\urlmon.dll
DataSectionObject 0x81a6d718   1024   \Device\HarddiskVolume1\WINDOWS\system32\urlmon.dll
ImageSectionObject 0x81a3f130   1024   \Device\HarddiskVolume1\WINDOWS\system32\wzcsvc.dll
DataSectionObject 0x81a3f130   1024   \Device\HarddiskVolume1\WINDOWS\system32\wzcsvc.dll
ImageSectionObject 0x81a84dd0   1024   \Device\HarddiskVolume1\WINDOWS\system32\es.dll
DataSectionObject 0x81a84dd0   1024   \Device\HarddiskVolume1\WINDOWS\system32\es.dll
ImageSectionObject 0x81a93838   1024   \Device\HarddiskVolume1\WINDOWS\system32\certcli.dll
DataSectionObject 0x81a93838   1024   \Device\HarddiskVolume1\WINDOWS\system32\certcli.dll
ImageSectionObject 0x81a451b0   1024   \Device\HarddiskVolume1\WINDOWS\system32\netman.dll
DataSectionObject 0x81a451b0   1024   \Device\HarddiskVolume1\WINDOWS\system32\netman.dll
ImageSectionObject 0x81a03228   1024   \Device\HarddiskVolume1\WINDOWS\system32\msi.dll
DataSectionObject 0x81a03228   1024   \Device\HarddiskVolume1\WINDOWS\system32\msi.dll
ImageSectionObject 0x81a04130   1076   \Device\HarddiskVolume1\WINDOWS\system32\dnsrslvr.dll
DataSectionObject 0x81a04130   1076   \Device\HarddiskVolume1\WINDOWS\system32\dnsrslvr.dll
DataSectionObject 0x81a92ad0   1120   \Device\HarddiskVolume1\Documents and Settings\LocalService\Local Settings\Temporary Internet Files\Content.IE5\index.dat
DataSectionObject 0x81a92368   1120   \Device\HarddiskVolume1\Documents and Settings\LocalService\Cookies\index.dat
DataSectionObject 0x81a92d38   1120   \Device\HarddiskVolume1\Documents and Settings\LocalService\Local Settings\History\History.IE5\index.dat
ImageSectionObject 0x81a0f028   1120   \Device\HarddiskVolume1\WINDOWS\system32\webclnt.dll
DataSectionObject 0x81a0f028   1120   \Device\HarddiskVolume1\WINDOWS\system32\webclnt.dll
ImageSectionObject 0x81a72e98   1120   \Device\HarddiskVolume1\WINDOWS\system32\httpapi.dll
DataSectionObject 0x81a72e98   1120   \Device\HarddiskVolume1\WINDOWS\system32\httpapi.dll
ImageSectionObject 0x81a44130   1120   \Device\HarddiskVolume1\WINDOWS\system32\lmhsvc.dll
DataSectionObject 0x81a44130   1120   \Device\HarddiskVolume1\WINDOWS\system32\lmhsvc.dll
ImageSectionObject 0x81a35230   1120   \Device\HarddiskVolume1\WINDOWS\system32\ssdpsrv.dll
DataSectionObject 0x81a35230   1120   \Device\HarddiskVolume1\WINDOWS\system32\ssdpsrv.dll
DataSectionObject 0x817230e0   1524   \Device\HarddiskVolume1\Documents and Settings\CSCG\Local Settings\History\History.IE5\index.dat
DataSectionObject 0x81ae2e98   1524   \Device\HarddiskVolume1\Documents and Settings\CSCG\Cookies\index.dat
DataSectionObject 0x81752770   1524   \Device\HarddiskVolume1\Documents and Settings\CSCG\Local Settings\Temporary Internet Files\Content.IE5\index.dat
DataSectionObject 0x817c9950   1524   \Device\HarddiskVolume1\Documents and Settings\CSCG\Local Settings\History\History.IE5\MSHist012020032220200323\index.dat
ImageSectionObject 0x81a485f0   1524   \Device\HarddiskVolume1\WINDOWS\explorer.exe
DataSectionObject 0x81a485f0   1524   \Device\HarddiskVolume1\WINDOWS\explorer.exe
ImageSectionObject 0x81aaa7e0   1524   \Device\HarddiskVolume1\WINDOWS\system32\browselc.dll
DataSectionObject 0x81aaa7e0   1524   \Device\HarddiskVolume1\WINDOWS\system32\browselc.dll
ImageSectionObject 0x81a52b38   1524   \Device\HarddiskVolume1\WINDOWS\system32\browseui.dll
DataSectionObject 0x81a52b38   1524   \Device\HarddiskVolume1\WINDOWS\system32\browseui.dll
ImageSectionObject 0x81bd32f8   1524   \Device\HarddiskVolume1\WINDOWS\system32\VBoxMRXNP.dll
DataSectionObject 0x81bd32f8   1524   \Device\HarddiskVolume1\WINDOWS\system32\VBoxMRXNP.dll
ImageSectionObject 0x81a54150   1524   \Device\HarddiskVolume1\WINDOWS\system32\themeui.dll
DataSectionObject 0x81a54150   1524   \Device\HarddiskVolume1\WINDOWS\system32\themeui.dll
ImageSectionObject 0x81a54328   1524   \Device\HarddiskVolume1\WINDOWS\system32\msutb.dll
DataSectionObject 0x81a54328   1524   \Device\HarddiskVolume1\WINDOWS\system32\msutb.dll
ImageSectionObject 0x81a50028   1524   \Device\HarddiskVolume1\WINDOWS\system32\duser.dll
DataSectionObject 0x81a50028   1524   \Device\HarddiskVolume1\WINDOWS\system32\duser.dll
ImageSectionObject 0x81a489a0   1524   \Device\HarddiskVolume1\WINDOWS\system32\actxprxy.dll
DataSectionObject 0x81a489a0   1524   \Device\HarddiskVolume1\WINDOWS\system32\actxprxy.dll
ImageSectionObject 0x81a4eeb8   1524   \Device\HarddiskVolume1\WINDOWS\system32\ntlanman.dll
DataSectionObject 0x81a4eeb8   1524   \Device\HarddiskVolume1\WINDOWS\system32\ntlanman.dll
ImageSectionObject 0x81a4ed48   1524   \Device\HarddiskVolume1\WINDOWS\system32\netui0.dll
DataSectionObject 0x81a4ed48   1524   \Device\HarddiskVolume1\WINDOWS\system32\netui0.dll
ImageSectionObject 0x81a525a8   1524   \Device\HarddiskVolume1\WINDOWS\system32\netui1.dll
DataSectionObject 0x81a525a8   1524   \Device\HarddiskVolume1\WINDOWS\system32\netui1.dll
ImageSectionObject 0x81a52438   1524   \Device\HarddiskVolume1\WINDOWS\system32\netrap.dll
DataSectionObject 0x81a52438   1524   \Device\HarddiskVolume1\WINDOWS\system32\netrap.dll
ImageSectionObject 0x81a2f150   1524   \Device\HarddiskVolume1\WINDOWS\system32\MSCTF.dll
DataSectionObject 0x81a2f150   1524   \Device\HarddiskVolume1\WINDOWS\system32\MSCTF.dll
ImageSectionObject 0x81a614a8   1524   \Device\HarddiskVolume1\WINDOWS\system32\webcheck.dll
DataSectionObject 0x81a614a8   1524   \Device\HarddiskVolume1\WINDOWS\system32\webcheck.dll
ImageSectionObject 0x81a6cf90   1524   \Device\HarddiskVolume1\WINDOWS\system32\batmeter.dll
DataSectionObject 0x81a6cf90   1524   \Device\HarddiskVolume1\WINDOWS\system32\batmeter.dll
ImageSectionObject 0x81a30d48   1524   \Device\HarddiskVolume1\WINDOWS\system32\drprov.dll
DataSectionObject 0x81a30d48   1524   \Device\HarddiskVolume1\WINDOWS\system32\drprov.dll
ImageSectionObject 0x81a37828   1524   \Device\HarddiskVolume1\WINDOWS\system32\mlang.dll
DataSectionObject 0x81a37828   1524   \Device\HarddiskVolume1\WINDOWS\system32\mlang.dll
ImageSectionObject 0x81a37998   1524   \Device\HarddiskVolume1\WINDOWS\system32\davclnt.dll
DataSectionObject 0x81a37998   1524   \Device\HarddiskVolume1\WINDOWS\system32\davclnt.dll
ImageSectionObject 0x81bd3c20   1524   \Device\HarddiskVolume1\WINDOWS\system32\msimg32.dll
DataSectionObject 0x81bd3c20   1524   \Device\HarddiskVolume1\WINDOWS\system32\msimg32.dll
ImageSectionObject 0x81a61378   1524   \Device\HarddiskVolume1\WINDOWS\system32\stobject.dll
DataSectionObject 0x81a61378   1524   \Device\HarddiskVolume1\WINDOWS\system32\stobject.dll
ImageSectionObject 0x819d7870   1524   \Device\HarddiskVolume1\WINDOWS\system32\ntshrui.dll
DataSectionObject 0x819d7870   1524   \Device\HarddiskVolume1\WINDOWS\system32\ntshrui.dll
ImageSectionObject 0x81a802c8   1524   \Device\HarddiskVolume1\WINDOWS\system32\linkinfo.dll
DataSectionObject 0x81a802c8   1524   \Device\HarddiskVolume1\WINDOWS\system32\linkinfo.dll
ImageSectionObject 0x81bd5638   1524   \Device\HarddiskVolume1\WINDOWS\system32\shdocvw.dll
DataSectionObject 0x81bd5638   1524   \Device\HarddiskVolume1\WINDOWS\system32\shdocvw.dll
ImageSectionObject 0x81a47ac0   1536   \Device\HarddiskVolume1\WINDOWS\system32\spoolsv.exe
DataSectionObject 0x81a47ac0   1536   \Device\HarddiskVolume1\WINDOWS\system32\spoolsv.exe
ImageSectionObject 0x81a37dc0   1536   \Device\HarddiskVolume1\WINDOWS\system32\spoolss.dll
DataSectionObject 0x81a37dc0   1536   \Device\HarddiskVolume1\WINDOWS\system32\spoolss.dll
ImageSectionObject 0x81a55798   1536   \Device\HarddiskVolume1\WINDOWS\system32\tcpmon.dll
DataSectionObject 0x81a55798   1536   \Device\HarddiskVolume1\WINDOWS\system32\tcpmon.dll
ImageSectionObject 0x81a908c0   1536   \Device\HarddiskVolume1\WINDOWS\system32\usbmon.dll
DataSectionObject 0x81a908c0   1536   \Device\HarddiskVolume1\WINDOWS\system32\usbmon.dll
ImageSectionObject 0x81a52878   1536   \Device\HarddiskVolume1\WINDOWS\system32\cnbjmon.dll
DataSectionObject 0x81a52878   1536   \Device\HarddiskVolume1\WINDOWS\system32\cnbjmon.dll
ImageSectionObject 0x81a55908   1536   \Device\HarddiskVolume1\WINDOWS\system32\pjlmon.dll
DataSectionObject 0x81a55908   1536   \Device\HarddiskVolume1\WINDOWS\system32\pjlmon.dll
ImageSectionObject 0x81a37c10   1536   \Device\HarddiskVolume1\WINDOWS\system32\localspl.dll
DataSectionObject 0x81a37c10   1536   \Device\HarddiskVolume1\WINDOWS\system32\localspl.dll
ImageSectionObject 0x81a52028   1536   \Device\HarddiskVolume1\WINDOWS\system32\inetpp.dll
DataSectionObject 0x81a52028   1536   \Device\HarddiskVolume1\WINDOWS\system32\inetpp.dll
ImageSectionObject 0x81a90750   1536   \Device\HarddiskVolume1\WINDOWS\system32\win32spl.dll
DataSectionObject 0x81a90750   1536   \Device\HarddiskVolume1\WINDOWS\system32\win32spl.dll
ImageSectionObject 0x81a3f6a8   1644   \Device\HarddiskVolume1\WINDOWS\system32\VBoxTray.exe
DataSectionObject 0x81a3f6a8   1644   \Device\HarddiskVolume1\WINDOWS\system32\VBoxTray.exe
ImageSectionObject 0x81a3f740   1644   \Device\HarddiskVolume1\WINDOWS\system32\VBoxHook.dll
DataSectionObject 0x81a3f740   1644   \Device\HarddiskVolume1\WINDOWS\system32\VBoxHook.dll
ImageSectionObject 0x81a3e920   1652   \Device\HarddiskVolume1\WINDOWS\system32\ctfmon.exe
DataSectionObject 0x81a3e920   1652   \Device\HarddiskVolume1\WINDOWS\system32\ctfmon.exe
ImageSectionObject 0x8178db70   1660   \Device\HarddiskVolume1\Program Files\Messenger\msmsgs.exe
DataSectionObject 0x8178db70   1660   \Device\HarddiskVolume1\Program Files\Messenger\msmsgs.exe
SharedCacheMap 0x8178db70   1660   \Device\HarddiskVolume1\Program Files\Messenger\msmsgs.exe
ImageSectionObject 0x81a34158   1660   \Device\HarddiskVolume1\WINDOWS\WinSxS\x86_Microsoft.Windows.GdiPlus_6595b64144ccf1df_1.0.2600.2180_x-ww_522f9f82\GdiPlus.dll
DataSectionObject 0x81a34158   1660   \Device\HarddiskVolume1\WINDOWS\WinSxS\x86_Microsoft.Windows.GdiPlus_6595b64144ccf1df_1.0.2600.2180_x-ww_522f9f82\GdiPlus.dll
ImageSectionObject 0x81a84e68   1660   \Device\HarddiskVolume1\WINDOWS\system32\xpob2res.dll
DataSectionObject 0x81a84e68   1660   \Device\HarddiskVolume1\WINDOWS\system32\xpob2res.dll
ImageSectionObject 0x81aaa6b0   1920   \Device\HarddiskVolume1\Documents and Settings\CSCG\Desktop\CSCG\CSCG_Delphi.exe
DataSectionObject 0x81aaa6b0   1920   \Device\HarddiskVolume1\Documents and Settings\CSCG\Desktop\CSCG\CSCG_Delphi.exe
ImageSectionObject 0x81acfd60   264    \Device\HarddiskVolume1\WINDOWS\system32\mspaint.exe
DataSectionObject 0x81acfd60   264    \Device\HarddiskVolume1\WINDOWS\system32\mspaint.exe
ImageSectionObject 0x81ab1938   264    \Device\HarddiskVolume1\WINDOWS\system32\mfc42u.dll
DataSectionObject 0x81ab1938   264    \Device\HarddiskVolume1\WINDOWS\system32\mfc42u.dll
ImageSectionObject 0x81a32458   264    \Device\HarddiskVolume1\WINDOWS\system32\imm32.dll
DataSectionObject 0x81a32458   264    \Device\HarddiskVolume1\WINDOWS\system32\imm32.dll
ImageSectionObject 0x81ac9370   264    \Device\HarddiskVolume1\WINDOWS\system32\sti.dll
DataSectionObject 0x81ac9370   264    \Device\HarddiskVolume1\WINDOWS\system32\sti.dll
ImageSectionObject 0x81ab1710   264    \Device\HarddiskVolume1\WINDOWS\system32\cfgmgr32.dll
DataSectionObject 0x81ab1710   264    \Device\HarddiskVolume1\WINDOWS\system32\cfgmgr32.dll
DataSectionObject 0x8175cf90   548    \Device\HarddiskVolume1\WINDOWS\wiaservc.log
SharedCacheMap 0x8175cf90   548    \Device\HarddiskVolume1\WINDOWS\wiaservc.log
DataSectionObject 0x817c8620   548    \Device\HarddiskVolume1\WINDOWS\wiadebug.log
SharedCacheMap 0x817c8620   548    \Device\HarddiskVolume1\WINDOWS\wiadebug.log
ImageSectionObject 0x81ab17a8   548    \Device\HarddiskVolume1\WINDOWS\system32\wiaservc.dll
DataSectionObject 0x81ab17a8   548    \Device\HarddiskVolume1\WINDOWS\system32\wiaservc.dll
ImageSectionObject 0x81ac94e0   548    \Device\HarddiskVolume1\WINDOWS\system32\mscms.dll
DataSectionObject 0x81ac94e0   548    \Device\HarddiskVolume1\WINDOWS\system32\mscms.dll
ImageSectionObject 0x81ac4250   1176   \Device\HarddiskVolume1\WINDOWS\system32\alg.exe
DataSectionObject 0x81ac4250   1176   \Device\HarddiskVolume1\WINDOWS\system32\alg.exe
ImageSectionObject 0x81a72d28   1688   \Device\HarddiskVolume1\WINDOWS\system32\w3ssl.dll
DataSectionObject 0x81a72d28   1688   \Device\HarddiskVolume1\WINDOWS\system32\w3ssl.dll
ImageSectionObject 0x81a30eb8   1688   \Device\HarddiskVolume1\WINDOWS\system32\strmfilt.dll
DataSectionObject 0x81a30eb8   1688   \Device\HarddiskVolume1\WINDOWS\system32\strmfilt.dll
ImageSectionObject 0x81a52200   200    \Device\HarddiskVolume1\Program Files\TrueCrypt\TrueCrypt.exe
DataSectionObject 0x81a52200   200    \Device\HarddiskVolume1\Program Files\TrueCrypt\TrueCrypt.exe
ImageSectionObject 0x81a18028   200    \Device\HarddiskVolume1\WINDOWS\system32\riched20.dll
DataSectionObject 0x81a18028   200    \Device\HarddiskVolume1\WINDOWS\system32\riched20.dll
ImageSectionObject 0x817644b0   1300   \Device\HarddiskVolume1\WINDOWS\system32\wuauclt.exe
DataSectionObject 0x817644b0   1300   \Device\HarddiskVolume1\WINDOWS\system32\wuauclt.exe
ImageSectionObject 0x817544f0   1300   \Device\HarddiskVolume1\WINDOWS\system32\wuaucpl.cpl
DataSectionObject 0x817544f0   1300   \Device\HarddiskVolume1\WINDOWS\system32\wuaucpl.cpl
ImageSectionObject 0x81768d18   1776   \Device\HarddiskVolume1\WINDOWS\system32\wscntfy.exe
ImageSectionObject 0x8179baf0   988    \Device\HarddiskVolume1\WINDOWS\system32\wpabaln.exe
DataSectionObject 0x8179baf0   988    \Device\HarddiskVolume1\WINDOWS\system32\wpabaln.exe
