05/09/20 23:54:12 v1.34.3 @ d-cube, System/Build Info: 
Using GMP-ECM 7.0.4, Powered by GMP 6.2.0
cached 78498 primes. pmax = 999983
detected Intel(R) Core(TM) i5-6200U CPU @ 2.30GHz
detected L1 = 32768 bytes, L2 = 3145728 bytes, CL = 64 bytes
measured cpu frequency ~= 2399.991280
using 20 random witnesses for Rabin-Miller PRP checks

05/09/20 23:54:12 v1.34.3 @ d-cube, New random seeds: 3079397008, 2369386455

05/09/20 23:54:12 v1.34.3 @ d-cube, Processing expression: 11081631875903145989449935723431993312048263659503073501368579288661507666926127398551161494057149306128113773163942639308834214121175806650609216999457699806761832905200688030797211656004392019494461369905299150414106039926917206543955359193966893148964232596310365304968051716316421386564037673515738090636958039103706945349258789436043666088184674948218539196263599899299117746103356732914111330139176914363944699056706536973601851519543254647327613986429683489937828404640743341705415177790924588759219148196121101333618974290049804819348181073769764832469557718828674823915162708288827812462173689965257895702511

05/09/20 23:54:22 v1.34.3 @ d-cube, System/Build Info: 
Using GMP-ECM 7.0.4, Powered by GMP 6.2.0
cached 78498 primes. pmax = 999983
detected Intel(R) Core(TM) i5-6200U CPU @ 2.30GHz
detected L1 = 32768 bytes, L2 = 3145728 bytes, CL = 64 bytes
measured cpu frequency ~= 2399.984760
using 20 random witnesses for Rabin-Miller PRP checks

05/09/20 23:54:22 v1.34.3 @ d-cube, New random seeds: 2644248995, 1651618875

05/10/20 00:21:45 v1.34.3 @ d-cube, System/Build Info: 
Using GMP-ECM 7.0.4, Powered by GMP 6.2.0
cached 78498 primes. pmax = 999983
detected Intel(R) Core(TM) i5-6200U CPU @ 2.30GHz
detected L1 = 32768 bytes, L2 = 3145728 bytes, CL = 64 bytes
measured cpu frequency ~= 2399.983660
using 20 random witnesses for Rabin-Miller PRP checks

05/10/20 00:21:45 v1.34.3 @ d-cube, New random seeds: 1169203809, 128229460

05/09/20 23:54:26 v1.34.3 @ d-cube, Processing expression: 11081631875903145989449935723431993312048263659503073501368579288661507666926127398551161494057149306128113773163942639308834214121175806650609216999457699806761832905200688030797211656004392019494461369905299150414106039926917206543955359193966893148964232596310365304968051716316421386564037673515738090636958039103706945349258789436043666088184674948218539196263599899299117746103356732914111330139176914363944699056706536973601851519543254647327613986429683489937828404640743341705415177790924588759219148196121101333618974290049804819348181073769764832469557718828674823915162708288827812462173689965257895702511

05/09/20 23:54:29 v1.34.3 @ d-cube, Processing expression: factor	11081631875903145989449935723431993312048263659503073501368579288661507666926127398551161494057149306128113773163942639308834214121175806650609216999457699806761832905200688030797211656004392019494461369905299150414106039926917206543955359193966893148964232596310365304968051716316421386564037673515738090636958039103706945349258789436043666088184674948218539196263599899299117746103356732914111330139176914363944699056706536973601851519543254647327613986429683489937828404640743341705415177790924588759219148196121101333618974290049804819348181073769764832469557718828674823915162708288827812462173689965257895702511

05/09/20 23:54:31 v1.34.3 @ d-cube, Processing expression: factor(11081631875903145989449935723431993312048263659503073501368579288661507666926127398551161494057149306128113773163942639308834214121175806650609216999457699806761832905200688030797211656004392019494461369905299150414106039926917206543955359193966893148964232596310365304968051716316421386564037673515738090636958039103706945349258789436043666088184674948218539196263599899299117746103356732914111330139176914363944699056706536973601851519543254647327613986429683489937828404640743341705415177790924588759219148196121101333618974290049804819348181073769764832469557718828674823915162708288827812462173689965257895702511)

05/10/20 00:24:19 v1.34.3 @ d-cube, System/Build Info: 
Using GMP-ECM 7.0.4, Powered by GMP 6.2.0
cached 78498 primes. pmax = 999983
detected Intel(R) Core(TM) i5-6200U CPU @ 2.30GHz
detected L1 = 32768 bytes, L2 = 3145728 bytes, CL = 64 bytes
measured cpu frequency ~= 2399.983100
using 20 random witnesses for Rabin-Miller PRP checks

05/10/20 00:24:19 v1.34.3 @ d-cube, New random seeds: 2143434281, 3309926291

05/10/20 00:24:29 v1.34.3 @ d-cube, System/Build Info: 
Using GMP-ECM 7.0.4, Powered by GMP 6.2.0
cached 78498 primes. pmax = 999983
detected Intel(R) Core(TM) i5-6200U CPU @ 2.30GHz
detected L1 = 32768 bytes, L2 = 3145728 bytes, CL = 64 bytes
measured cpu frequency ~= 2399.970300
using 20 random witnesses for Rabin-Miller PRP checks

05/10/20 00:24:29 v1.34.3 @ d-cube, New random seeds: 3701186605, 4132524117

05/10/20 00:24:54 v1.34.3 @ d-cube, System/Build Info: 
Using GMP-ECM 7.0.4, Powered by GMP 6.2.0
cached 78498 primes. pmax = 999983
detected Intel(R) Core(TM) i5-6200U CPU @ 2.30GHz
detected L1 = 32768 bytes, L2 = 3145728 bytes, CL = 64 bytes
measured cpu frequency ~= 2399.975560
using 20 random witnesses for Rabin-Miller PRP checks

05/10/20 00:24:54 v1.34.3 @ d-cube, New random seeds: 1302174207, 2541009675

05/10/20 00:22:00 v1.34.3 @ d-cube, Processing expression: fermat(11081631875903145989449935723431993312048263659503073501368579288661507666926127398551161494057149306128113773163942639308834214121175806650609216999457699806761832905200688030797211656004392019494461369905299150414106039926917206543955359193966893148964232596310365304968051716316421386564037673515738090636958039103706945349258789436043666088184674948218539196263599899299117746103356732914111330139176914363944699056706536973601851519543254647327613986429683489937828404640743341705415177790924588759219148196121101333618974290049804819348181073769764832469557718828674823915162708288827812462173689965257895702511)

05/10/20 00:22:06 v1.34.3 @ d-cube, Processing expression: fermat(11081631875903145989449935723431993312048263659503073501368579288661507666926127398551161494057149306128113773163942639308834214121175806650609216999457699806761832905200688030797211656004392019494461369905299150414106039926917206543955359193966893148964232596310365304968051716316421386564037673515738090636958039103706945349258789436043666088184674948218539196263599899299117746103356732914111330139176914363944699056706536973601851519543254647327613986429683489937828404640743341705415177790924588759219148196121101333618974290049804819348181073769764832469557718828674823915162708288827812462173689965257895702511,1000000)

05/10/20 00:24:58 v1.34.3 @ d-cube, Processing expression: factor(11081631875903145989449935723431993312048263659503073501368579288661507666926127398551161494057149306128113773163942639308834214121175806650609216999457699806761832905200688030797211656004392019494461369905299150414106039926917206543955359193966893148964232596310365304968051716316421386564037673515738090636958039103706945349258789436043666088184674948218539196263599899299117746103356732914111330139176914363944699056706536973601851519543254647327613986429683489937828404640743341705415177790924588759219148196121101333618974290049804819348181073769764832469557718828674823915162708288827812462173689965257895702511)

05/10/20 00:38:44 v1.34.3 @ d-cube, System/Build Info: 
Using GMP-ECM 7.0.4, Powered by GMP 6.2.0
cached 78498 primes. pmax = 999983
detected Intel(R) Core(TM) i5-6200U CPU @ 2.30GHz
detected L1 = 32768 bytes, L2 = 3145728 bytes, CL = 64 bytes
measured cpu frequency ~= 2399.982440
using 20 random witnesses for Rabin-Miller PRP checks

05/10/20 00:38:44 v1.34.3 @ d-cube, New random seeds: 47108597, 1065702836

05/10/20 00:38:44 v1.34.3 @ d-cube, Processing expression: fermat(11081631875903145989449935723431993312048263659503073501368579288661507666926127398551161494057149306128113773163942639308834214121175806650609216999457699806761832905200688030797211656004392019494461369905299150414106039926917206543955359193966893148964232596310365304968051716316421386564037673515738090636958039103706945349258789436043666088184674948218539196263599899299117746103356732914111330139176914363944699056706536973601851519543254647327613986429683489937828404640743341705415177790924588759219148196121101333618974290049804819348181073769764832469557718828674823915162708288827812462173689965257895702511, 100000)

05/10/20 00:39:06 v1.34.3 @ d-cube, System/Build Info: 
Using GMP-ECM 7.0.4, Powered by GMP 6.2.0
cached 78498 primes. pmax = 999983
detected Intel(R) Core(TM) i5-6200U CPU @ 2.30GHz
detected L1 = 32768 bytes, L2 = 3145728 bytes, CL = 64 bytes
measured cpu frequency ~= 2399.980860
using 20 random witnesses for Rabin-Miller PRP checks

05/10/20 00:39:06 v1.34.3 @ d-cube, New random seeds: 123778514, 2651891391

05/10/20 00:39:06 v1.34.3 @ d-cube, Processing expression: pm1(11081631875903145989449935723431993312048263659503073501368579288661507666926127398551161494057149306128113773163942639308834214121175806650609216999457699806761832905200688030797211656004392019494461369905299150414106039926917206543955359193966893148964232596310365304968051716316421386564037673515738090636958039103706945349258789436043666088184674948218539196263599899299117746103356732914111330139176914363944699056706536973601851519543254647327613986429683489937828404640743341705415177790924588759219148196121101333618974290049804819348181073769764832469557718828674823915162708288827812462173689965257895702511, 100000)

05/10/20 00:39:11 v1.34.3 @ d-cube, System/Build Info: 
Using GMP-ECM 7.0.4, Powered by GMP 6.2.0
cached 78498 primes. pmax = 999983
detected Intel(R) Core(TM) i5-6200U CPU @ 2.30GHz
detected L1 = 32768 bytes, L2 = 3145728 bytes, CL = 64 bytes
measured cpu frequency ~= 2399.985460
using 20 random witnesses for Rabin-Miller PRP checks

05/10/20 00:39:11 v1.34.3 @ d-cube, New random seeds: 2856638212, 3928288238

05/10/20 00:39:11 v1.34.3 @ d-cube, Processing expression: pm1(11081631875903145989449935723431993312048263659503073501368579288661507666926127398551161494057149306128113773163942639308834214121175806650609216999457699806761832905200688030797211656004392019494461369905299150414106039926917206543955359193966893148964232596310365304968051716316421386564037673515738090636958039103706945349258789436043666088184674948218539196263599899299117746103356732914111330139176914363944699056706536973601851519543254647327613986429683489937828404640743341705415177790924588759219148196121101333618974290049804819348181073769764832469557718828674823915162708288827812462173689965257895702511)

05/10/20 00:39:18 v1.34.3 @ d-cube, System/Build Info: 
Using GMP-ECM 7.0.4, Powered by GMP 6.2.0
cached 78498 primes. pmax = 999983
detected Intel(R) Core(TM) i5-6200U CPU @ 2.30GHz
detected L1 = 32768 bytes, L2 = 3145728 bytes, CL = 64 bytes
measured cpu frequency ~= 2399.986020
using 20 random witnesses for Rabin-Miller PRP checks

05/10/20 00:39:18 v1.34.3 @ d-cube, New random seeds: 3848055324, 2704396895

05/10/20 00:39:18 v1.34.3 @ d-cube, Processing expression: pm1(11081631875903145989449935723431993312048263659503073501368579288661507666926127398551161494057149306128113773163942639308834214121175806650609216999457699806761832905200688030797211656004392019494461369905299150414106039926917206543955359193966893148964232596310365304968051716316421386564037673515738090636958039103706945349258789436043666088184674948218539196263599899299117746103356732914111330139176914363944699056706536973601851519543254647327613986429683489937828404640743341705415177790924588759219148196121101333618974290049804819348181073769764832469557718828674823915162708288827812462173689965257895702511)

